416 nodes, 914 links, 
1406 OD pairs
416 914
selected 41 nodes as xfc using method='degree'
Experiment(self.input_path='.//inputs/Anaheim/'
self.output_path='.//outputs/Anaheim/'
self.algorithm='dijkstra'
self.method='automatic'
self.alpha=0.15
self.threashold=0.001
self.maxIter=100
self.xfc=True
)
416 nodes, 914 links, 
1406 OD pairs
416 914
selected 41 nodes as xfc using method='betweenness'
Experiment(self.input_path='.//inputs/Anaheim/'
self.output_path='.//outputs/Anaheim/'
self.algorithm='dijkstra'
self.method='automatic'
self.alpha=0.15
self.threashold=0.001
self.maxIter=100
self.xfc=True
)
416 nodes, 914 links, 
1406 OD pairs
416 914
selected 41 nodes as xfc using method='eigenvector'
Experiment(self.input_path='.//inputs/Anaheim/'
self.output_path='.//outputs/Anaheim/'
self.algorithm='dijkstra'
self.method='automatic'
self.alpha=0.15
self.threashold=0.001
self.maxIter=100
self.xfc=True
)
416 nodes, 914 links, 
1406 OD pairs
416 914
selected 41 nodes as xfc using method='closeness'
Experiment(self.input_path='.//inputs/Anaheim/'
self.output_path='.//outputs/Anaheim/'
self.algorithm='dijkstra'
self.method='automatic'
self.alpha=0.15
self.threashold=0.001
self.maxIter=100
self.xfc=True
)
416 nodes, 914 links, 
1406 OD pairs
416 914
selected 41 nodes as xfc using method='weighted_betweenness'
Experiment(self.input_path='.//inputs/Anaheim/'
self.output_path='.//outputs/Anaheim/'
self.algorithm='dijkstra'
self.method='automatic'
self.alpha=0.15
self.threashold=0.001
self.maxIter=100
self.xfc=True
)
416 nodes, 914 links, 
1406 OD pairs
416 914
selected 41 nodes as xfc using method='adjusted_degree'
Experiment(self.input_path='.//inputs/Anaheim/'
self.output_path='.//outputs/Anaheim/'
self.algorithm='dijkstra'
self.method='automatic'
self.alpha=0.15
self.threashold=0.001
self.maxIter=100
self.xfc=True
)
416 nodes, 914 links, 
1406 OD pairs
416 914
0 / 41
1 / 41
2 / 41
3 / 41
4 / 41
5 / 41
6 / 41
7 / 41
8 / 41
9 / 41
10 / 41
11 / 41
12 / 41
13 / 41
14 / 41
15 / 41
16 / 41
17 / 41
18 / 41
19 / 41
20 / 41
21 / 41
22 / 41
23 / 41
24 / 41
25 / 41
26 / 41
27 / 41
28 / 41
29 / 41
30 / 41
31 / 41
32 / 41
33 / 41
34 / 41
35 / 41
36 / 41
37 / 41
38 / 41
39 / 41
40 / 41
selected 41 nodes as xfc using method='adjusted_betweenness'
Experiment(self.input_path='.//inputs/Anaheim/'
self.output_path='.//outputs/Anaheim/'
self.algorithm='dijkstra'
self.method='automatic'
self.alpha=0.15
self.threashold=0.001
self.maxIter=100
self.xfc=True
)
416 nodes, 914 links, 
1406 OD pairs
Experiment(self.input_path='.//inputs/Anaheim/'
self.output_path='.//outputs/Anaheim/'
self.algorithm='dijkstra'
self.method='automatic'
self.alpha=0.15
self.threashold=0.001
self.maxIter=100
self.xfc=True
)
416 nodes, 914 links, 
1406 OD pairs
Experiment(self.input_path='.//inputs/Anaheim/'
self.output_path='.//outputs/Anaheim/'
self.algorithm='dijkstra'
self.method='automatic'
self.alpha=0.15
self.threashold=0.001
self.maxIter=100
self.xfc=True
)
416 nodes, 914 links, 
1406 OD pairs
Experiment(self.input_path='.//inputs/Anaheim/'
self.output_path='.//outputs/Anaheim/'
self.algorithm='dijkstra'
self.method='automatic'
self.alpha=0.15
self.threashold=0.001
self.maxIter=100
self.xfc=True
)
930 nodes, 2522 links, 
7922 OD pairs
930 2522
selected 93 nodes as xfc using method='degree'
Experiment(self.input_path='.//inputs/Barcelona/'
self.output_path='.//outputs/Barcelona/'
self.algorithm='dijkstra'
self.method='automatic'
self.alpha=0.15
self.threashold=0.001
self.maxIter=100
self.xfc=True
)
930 nodes, 2522 links, 
7922 OD pairs
930 2522
selected 93 nodes as xfc using method='betweenness'
Experiment(self.input_path='.//inputs/Barcelona/'
self.output_path='.//outputs/Barcelona/'
self.algorithm='dijkstra'
self.method='automatic'
self.alpha=0.15
self.threashold=0.001
self.maxIter=100
self.xfc=True
)
930 nodes, 2522 links, 
7922 OD pairs
930 2522
selected 93 nodes as xfc using method='eigenvector'
Experiment(self.input_path='.//inputs/Barcelona/'
self.output_path='.//outputs/Barcelona/'
self.algorithm='dijkstra'
self.method='automatic'
self.alpha=0.15
self.threashold=0.001
self.maxIter=100
self.xfc=True
)
930 nodes, 2522 links, 
7922 OD pairs
930 2522
selected 93 nodes as xfc using method='closeness'
Experiment(self.input_path='.//inputs/Barcelona/'
self.output_path='.//outputs/Barcelona/'
self.algorithm='dijkstra'
self.method='automatic'
self.alpha=0.15
self.threashold=0.001
self.maxIter=100
self.xfc=True
)
930 nodes, 2522 links, 
7922 OD pairs
930 2522
selected 93 nodes as xfc using method='weighted_betweenness'
Experiment(self.input_path='.//inputs/Barcelona/'
self.output_path='.//outputs/Barcelona/'
self.algorithm='dijkstra'
self.method='automatic'
self.alpha=0.15
self.threashold=0.001
self.maxIter=100
self.xfc=True
)
930 nodes, 2522 links, 
7922 OD pairs
930 2522
selected 93 nodes as xfc using method='adjusted_degree'
Experiment(self.input_path='.//inputs/Barcelona/'
self.output_path='.//outputs/Barcelona/'
self.algorithm='dijkstra'
self.method='automatic'
self.alpha=0.15
self.threashold=0.001
self.maxIter=100
self.xfc=True
)
930 nodes, 2522 links, 
7922 OD pairs
930 2522
0 / 93
1 / 93
2 / 93
3 / 93
4 / 93
5 / 93
6 / 93
7 / 93
8 / 93
9 / 93
10 / 93
11 / 93
12 / 93
13 / 93
14 / 93
15 / 93
16 / 93
17 / 93
18 / 93
19 / 93
20 / 93
21 / 93
22 / 93
23 / 93
24 / 93
25 / 93
26 / 93
27 / 93
28 / 93
29 / 93
30 / 93
31 / 93
32 / 93
33 / 93
34 / 93
35 / 93
36 / 93
37 / 93
38 / 93
39 / 93
40 / 93
41 / 93
42 / 93
43 / 93
44 / 93
45 / 93
46 / 93
47 / 93
48 / 93
49 / 93
50 / 93
51 / 93
52 / 93
53 / 93
54 / 93
55 / 93
56 / 93
57 / 93
58 / 93
59 / 93
60 / 93
61 / 93
62 / 93
63 / 93
64 / 93
65 / 93
66 / 93
67 / 93
68 / 93
69 / 93
70 / 93
71 / 93
72 / 93
73 / 93
74 / 93
75 / 93
76 / 93
77 / 93
78 / 93
79 / 93
80 / 93
81 / 93
82 / 93
83 / 93
84 / 93
85 / 93
86 / 93
87 / 93
88 / 93
89 / 93
90 / 93
91 / 93
92 / 93
selected 93 nodes as xfc using method='adjusted_betweenness'
Experiment(self.input_path='.//inputs/Barcelona/'
self.output_path='.//outputs/Barcelona/'
self.algorithm='dijkstra'
self.method='automatic'
self.alpha=0.15
self.threashold=0.001
self.maxIter=100
self.xfc=True
)
930 nodes, 2522 links, 
7922 OD pairs
Traceback (most recent call last):
  File "/WAVE/users/unix/sli13/workspace/traffic_assignment/test.py", line 10, in <module>
    runner.compare_xfc_result_vary_centralities('./', xfc_ratio = 0.1, proning = 10, out_alias = 'xfc_centralities_total_cost.json', centralities = ['degree', 'betweenness', 'eigenvector', 'closeness', 'weighted_betweenness', 'adjusted_degree', 'adjusted_betweenness', 'greedy', 'demand_in_out', 'demand_in_out_adj'], evaluation = 'total_cost')
  File "/WAVE/users/unix/sli13/workspace/traffic_assignment/runner.py", line 191, in compare_xfc_result_vary_centralities
    experiment.p.determine_xfc(xfc_ratio, method=centrality)
  File "/WAVE/users/unix/sli13/workspace/traffic_assignment/model.py", line 421, in determine_xfc
    sorted_nodes = self.xfc_init_greedy(n_nodes)
                   ^^^^^^^^^^^^^^^^^^^^^^^^^^^^^
  File "/WAVE/users/unix/sli13/workspace/traffic_assignment/model.py", line 432, in xfc_init_greedy
    cost = self.run(xfc = True)['total_cost']
           ^^^^^^^^^^^^^^^^^^^^
  File "/WAVE/users/unix/sli13/workspace/traffic_assignment/model.py", line 632, in run
    iteration_times.append(optimal_func(alpha = 1.0))
                           ^^^^^^^^^^^^^^^^^^^^^^^^^
  File "/WAVE/users/unix/sli13/workspace/traffic_assignment/model.py", line 623, in optimal_func
    self.xfc_optimal(alpha=alpha, proning=proning)
  File "/WAVE/users/unix/sli13/workspace/traffic_assignment/model.py", line 540, in xfc_optimal
    if (xfc_forward[min_xfc]['prev'][curr], curr) in staged_changes:
        ~~~~~~~~~~~^^^^^^^^^
KeyError: Node(-1)
